<?xml version="1.0" encoding="UTF-8"?>
<testng-results ignored="0" total="1" passed="1" failed="0" skipped="0">
  <reporter-output>
  </reporter-output>
  <suite started-at="2024-08-24T20:03:32 IST" name="Default suite" finished-at="2024-08-24T20:03:42 IST" duration-ms="9753">
    <groups>
    </groups>
    <test started-at="2024-08-24T20:03:32 IST" name="Default test" finished-at="2024-08-24T20:03:42 IST" duration-ms="9753">
      <class name="test.Rajagiri_telemedic_test">
        <test-method is-config="true" signature="bc()[pri:0, instance:test.Rajagiri_telemedic_test@26d9b808]" started-at="2024-08-24T20:03:32 IST" name="bc" finished-at="2024-08-24T20:03:38 IST" duration-ms="5834" status="PASS">
          <reporter-output>
          </reporter-output>
        </test-method> <!-- bc -->
        <test-method signature="test()[pri:0, instance:test.Rajagiri_telemedic_test@26d9b808]" started-at="2024-08-24T20:03:38 IST" name="test" finished-at="2024-08-24T20:03:42 IST" duration-ms="3854" status="PASS">
          <reporter-output>
          </reporter-output>
        </test-method> <!-- test -->
      </class> <!-- test.Rajagiri_telemedic_test -->
    </test> <!-- Default test -->
  </suite> <!-- Default suite -->
</testng-results>
